Start testing: Nov 23 06:53 +07
----------------------------------------------------------
1/4 Testing: attributes
1/4 Test: attributes
Command: "/usr/bin/bash" "/home/Atheria/workspace/Onyx/run_test.sh" "attributes"
Directory: /home/Atheria/workspace/Onyx
"attributes" start time: Nov 23 06:53 +07
Output:
----------------------------------------------------------
--- Running Test: attributes ---
[1/4] Transpiling tests/attributes.ox...
    > Transpiled C code at build/tests/attributes.c
[2/4] Compiling build/tests/attributes.c...
build/tests/attributes.c:8:31: warning: 'packed' attribute ignored [-Wignored-attributes]
    8 | } PackedStruct __attribute__((packed));
      |                               ^
1 warning generated.
    > Compiled executable at build/tests/attributes
[3/4] Running executable...
    > Execution complete. Output captured in build/tests/attributes.actual
[4/4] No expected output file found. Skipping verification.
--- Test Passed: attributes ---
<end of output>
Test time =   0.07 sec
----------------------------------------------------------
Test Passed.
"attributes" end time: Nov 23 06:53 +07
"attributes" time elapsed: 00:00:00
----------------------------------------------------------

2/4 Testing: hello
2/4 Test: hello
Command: "/usr/bin/bash" "/home/Atheria/workspace/Onyx/run_test.sh" "hello"
Directory: /home/Atheria/workspace/Onyx
"hello" start time: Nov 23 06:53 +07
Output:
----------------------------------------------------------
--- Running Test: hello ---
[1/4] Transpiling tests/hello.ox...
    > Transpiled C code at build/tests/hello.c
[2/4] Compiling build/tests/hello.c...
    > Compiled executable at build/tests/hello
[3/4] Running executable...
    > Execution complete. Output captured in build/tests/hello.actual
[4/4] Verifying output...
    > Success: Output matches expected result.
--- Test Passed: hello ---
<end of output>
Test time =   0.05 sec
----------------------------------------------------------
Test Passed.
"hello" end time: Nov 23 06:53 +07
"hello" time elapsed: 00:00:00
----------------------------------------------------------

3/4 Testing: pipes
3/4 Test: pipes
Command: "/usr/bin/bash" "/home/Atheria/workspace/Onyx/run_test.sh" "pipes"
Directory: /home/Atheria/workspace/Onyx
"pipes" start time: Nov 23 06:53 +07
Output:
----------------------------------------------------------
--- Running Test: pipes ---
[1/4] Transpiling tests/pipes.ox...
    > Transpiled C code at build/tests/pipes.c
[2/4] Compiling build/tests/pipes.c...
    > Compiled executable at build/tests/pipes
[3/4] Running executable...
    > Execution complete. Output captured in build/tests/pipes.actual
[4/4] Verifying output...
    > Success: Output matches expected result.
--- Test Passed: pipes ---
<end of output>
Test time =   0.06 sec
----------------------------------------------------------
Test Passed.
"pipes" end time: Nov 23 06:53 +07
"pipes" time elapsed: 00:00:00
----------------------------------------------------------

4/4 Testing: resolve
4/4 Test: resolve
Command: "/usr/bin/bash" "/home/Atheria/workspace/Onyx/run_test.sh" "resolve"
Directory: /home/Atheria/workspace/Onyx
"resolve" start time: Nov 23 06:53 +07
Output:
----------------------------------------------------------
--- Running Test: resolve ---
[1/4] Transpiling tests/resolve.ox...
    > Transpiled C code at build/tests/resolve.c
[2/4] Compiling build/tests/resolve.c...
    > Compiled executable at build/tests/resolve
[3/4] Running executable...
    > Execution complete. Output captured in build/tests/resolve.actual
[4/4] Verifying output...
    > Success: Output matches expected result.
--- Test Passed: resolve ---
<end of output>
Test time =   0.05 sec
----------------------------------------------------------
Test Passed.
"resolve" end time: Nov 23 06:53 +07
"resolve" time elapsed: 00:00:00
----------------------------------------------------------

End testing: Nov 23 06:53 +07
